{"/home/pooja/Desktop/crud-operations/src/app/app.component.html": {"path":"/home/pooja/Desktop/crud-operations/src/app/app.component.html","statementMap":{"0":{"start":{"line":1,"column":0},"end":{"line":1,"column":50}}},"fnMap":{},"branchMap":{},"s":{"0":1},"f":{},"b":{},"inputSourceMap":null,"_coverageSchema":"1a1c01bbd47fc00a2c39e90264f33305004495a9","hash":"031c1b4f2cadf0ffafc3cde5fee6bb41f7a98d2e"}
,"/home/pooja/Desktop/crud-operations/src/app/app.component.ts": {"path":"/home/pooja/Desktop/crud-operations/src/app/app.component.ts","statementMap":{"0":{"start":{"line":1,"column":0},"end":{"line":1,"column":50}},"1":{"start":{"line":8,"column":0},"end":{"line":11,"column":null}},"2":{"start":{"line":9,"column":2},"end":{"line":9,"column":28}},"3":{"start":{"line":10,"column":2},"end":{"line":10,"column":41}},"4":{"start":{"line":8,"column":13},"end":{"line":11,"column":null}},"5":{"start":{"line":8,"column":13},"end":{"line":8,"column":25}}},"fnMap":{"0":{"name":"(anonymous_0)","decl":{"start":{"line":8,"column":0},"end":{"line":8,"column":13}},"loc":{"start":{"line":8,"column":0},"end":{"line":11,"column":1}}}},"branchMap":{},"s":{"0":1,"1":1,"2":1,"3":1,"4":1,"5":1},"f":{"0":1},"b":{}}
,"/home/pooja/Desktop/crud-operations/src/app/common.service.ts": {"path":"/home/pooja/Desktop/crud-operations/src/app/common.service.ts","statementMap":{"0":{"start":{"line":1,"column":0},"end":{"line":1,"column":43}},"1":{"start":{"line":2,"column":0},"end":{"line":2,"column":50}},"2":{"start":{"line":5,"column":0},"end":{"line":5,"column":58}},"3":{"start":{"line":6,"column":0},"end":{"line":6,"column":80}},"4":{"start":{"line":7,"column":0},"end":{"line":7,"column":51}},"5":{"start":{"line":12,"column":0},"end":{"line":61,"column":null}},"6":{"start":{"line":16,"column":12},"end":{"line":16,"column":18}},"7":{"start":{"line":17,"column":12},"end":{"line":17,"column":34}},"8":{"start":{"line":14,"column":2},"end":{"line":14,"column":32}},"9":{"start":{"line":21,"column":16},"end":{"line":21,"column":42}},"10":{"start":{"line":22,"column":4},"end":{"line":26,"column":5}},"11":{"start":{"line":29,"column":16},"end":{"line":29,"column":42}},"12":{"start":{"line":30,"column":4},"end":{"line":34,"column":5}},"13":{"start":{"line":37,"column":16},"end":{"line":37,"column":47}},"14":{"start":{"line":38,"column":4},"end":{"line":42,"column":5}},"15":{"start":{"line":45,"column":16},"end":{"line":45,"column":47}},"16":{"start":{"line":46,"column":4},"end":{"line":50,"column":5}},"17":{"start":{"line":53,"column":16},"end":{"line":53,"column":47}},"18":{"start":{"line":54,"column":4},"end":{"line":58,"column":5}},"19":{"start":{"line":12,"column":13},"end":{"line":61,"column":null}},"20":{"start":{"line":12,"column":13},"end":{"line":12,"column":26}}},"fnMap":{"0":{"name":"(anonymous_0)","decl":{"start":{"line":15,"column":2},"end":{"line":15,"column":null}},"loc":{"start":{"line":17,"column":54},"end":{"line":18,"column":7}}},"1":{"name":"(anonymous_1)","decl":{"start":{"line":20,"column":2},"end":{"line":20,"column":15}},"loc":{"start":{"line":20,"column":23},"end":{"line":27,"column":3}}},"2":{"name":"(anonymous_2)","decl":{"start":{"line":28,"column":2},"end":{"line":28,"column":13}},"loc":{"start":{"line":28,"column":13},"end":{"line":35,"column":3}}},"3":{"name":"(anonymous_3)","decl":{"start":{"line":36,"column":2},"end":{"line":36,"column":16}},"loc":{"start":{"line":36,"column":19},"end":{"line":43,"column":3}}},"4":{"name":"(anonymous_4)","decl":{"start":{"line":44,"column":2},"end":{"line":44,"column":15}},"loc":{"start":{"line":44,"column":59},"end":{"line":51,"column":3}}},"5":{"name":"(anonymous_5)","decl":{"start":{"line":52,"column":2},"end":{"line":52,"column":15}},"loc":{"start":{"line":52,"column":18},"end":{"line":59,"column":3}}}},"branchMap":{},"s":{"0":7,"1":7,"2":7,"3":7,"4":7,"5":7,"6":22,"7":22,"8":22,"9":1,"10":1,"11":16,"12":16,"13":3,"14":3,"15":1,"16":1,"17":1,"18":1,"19":7,"20":7},"f":{"0":22,"1":1,"2":16,"3":3,"4":1,"5":1},"b":{}}
,"/home/pooja/Desktop/crud-operations/src/app/crud-oprations/products-crud-opration/products-crud-opration.component.html": {"path":"/home/pooja/Desktop/crud-operations/src/app/crud-oprations/products-crud-opration/products-crud-opration.component.html","statementMap":{"0":{"start":{"line":1,"column":0},"end":{"line":1,"column":3673}}},"fnMap":{},"branchMap":{},"s":{"0":1},"f":{},"b":{},"inputSourceMap":null,"_coverageSchema":"1a1c01bbd47fc00a2c39e90264f33305004495a9","hash":"28af94b784fd3192fe50bdc0d990113c63b955fa"}
,"/home/pooja/Desktop/crud-operations/src/app/crud-oprations/products-crud-opration/products-crud-opration.component.ts": {"path":"/home/pooja/Desktop/crud-operations/src/app/crud-oprations/products-crud-opration/products-crud-opration.component.ts","statementMap":{"0":{"start":{"line":1,"column":0},"end":{"line":1,"column":50}},"1":{"start":{"line":2,"column":0},"end":{"line":2,"column":53}},"2":{"start":{"line":3,"column":0},"end":{"line":3,"column":68}},"3":{"start":{"line":11,"column":0},"end":{"line":89,"column":null}},"4":{"start":{"line":25,"column":12},"end":{"line":25,"column":27}},"5":{"start":{"line":26,"column":12},"end":{"line":26,"column":16}},"6":{"start":{"line":19,"column":2},"end":{"line":19,"column":22}},"7":{"start":{"line":20,"column":2},"end":{"line":20,"column":26}},"8":{"start":{"line":30,"column":4},"end":{"line":30,"column":22}},"9":{"start":{"line":31,"column":4},"end":{"line":31,"column":20}},"10":{"start":{"line":34,"column":4},"end":{"line":34,"column":30}},"11":{"start":{"line":35,"column":4},"end":{"line":42,"column":7}},"12":{"start":{"line":45,"column":4},"end":{"line":52,"column":7}},"13":{"start":{"line":55,"column":4},"end":{"line":58,"column":7}},"14":{"start":{"line":56,"column":6},"end":{"line":56,"column":27}},"15":{"start":{"line":57,"column":6},"end":{"line":57,"column":22}},"16":{"start":{"line":61,"column":4},"end":{"line":64,"column":6}},"17":{"start":{"line":62,"column":18},"end":{"line":62,"column":39}},"18":{"start":{"line":67,"column":4},"end":{"line":71,"column":7}},"19":{"start":{"line":68,"column":6},"end":{"line":68,"column":22}},"20":{"start":{"line":69,"column":6},"end":{"line":69,"column":31}},"21":{"start":{"line":70,"column":6},"end":{"line":70,"column":27}},"22":{"start":{"line":74,"column":4},"end":{"line":74,"column":31}},"23":{"start":{"line":75,"column":4},"end":{"line":78,"column":7}},"24":{"start":{"line":76,"column":6},"end":{"line":76,"column":27}},"25":{"start":{"line":77,"column":6},"end":{"line":77,"column":25}},"26":{"start":{"line":81,"column":4},"end":{"line":86,"column":7}},"27":{"start":{"line":82,"column":6},"end":{"line":82,"column":22}},"28":{"start":{"line":83,"column":6},"end":{"line":83,"column":31}},"29":{"start":{"line":84,"column":6},"end":{"line":84,"column":26}},"30":{"start":{"line":85,"column":6},"end":{"line":85,"column":33}},"31":{"start":{"line":11,"column":13},"end":{"line":89,"column":null}},"32":{"start":{"line":11,"column":13},"end":{"line":11,"column":42}}},"fnMap":{"0":{"name":"(anonymous_0)","decl":{"start":{"line":24,"column":2},"end":{"line":24,"column":null}},"loc":{"start":{"line":26,"column":27},"end":{"line":27,"column":8}}},"1":{"name":"(anonymous_1)","decl":{"start":{"line":29,"column":2},"end":{"line":29,"column":10}},"loc":{"start":{"line":29,"column":10},"end":{"line":32,"column":3}}},"2":{"name":"(anonymous_2)","decl":{"start":{"line":33,"column":2},"end":{"line":33,"column":12}},"loc":{"start":{"line":33,"column":12},"end":{"line":43,"column":3}}},"3":{"name":"(anonymous_3)","decl":{"start":{"line":44,"column":2},"end":{"line":44,"column":11}},"loc":{"start":{"line":44,"column":22},"end":{"line":53,"column":3}}},"4":{"name":"(anonymous_4)","decl":{"start":{"line":54,"column":2},"end":{"line":54,"column":8}},"loc":{"start":{"line":54,"column":11},"end":{"line":59,"column":3}}},"5":{"name":"(anonymous_5)","decl":{"start":{"line":55,"column":51},"end":{"line":55,"column":52}},"loc":{"start":{"line":55,"column":60},"end":{"line":58,"column":5}}},"6":{"name":"(anonymous_6)","decl":{"start":{"line":60,"column":2},"end":{"line":60,"column":10}},"loc":{"start":{"line":60,"column":10},"end":{"line":65,"column":3}}},"7":{"name":"(anonymous_7)","decl":{"start":{"line":62,"column":6},"end":{"line":62,"column":7}},"loc":{"start":{"line":62,"column":15},"end":{"line":62,"column":41}}},"8":{"name":"(anonymous_8)","decl":{"start":{"line":66,"column":2},"end":{"line":66,"column":10}},"loc":{"start":{"line":66,"column":15},"end":{"line":72,"column":3}}},"9":{"name":"(anonymous_9)","decl":{"start":{"line":67,"column":59},"end":{"line":67,"column":62}},"loc":{"start":{"line":67,"column":64},"end":{"line":71,"column":5}}},"10":{"name":"(anonymous_10)","decl":{"start":{"line":73,"column":2},"end":{"line":73,"column":6}},"loc":{"start":{"line":73,"column":9},"end":{"line":79,"column":3}}},"11":{"name":"(anonymous_11)","decl":{"start":{"line":75,"column":52},"end":{"line":75,"column":53}},"loc":{"start":{"line":75,"column":61},"end":{"line":78,"column":5}}},"12":{"name":"(anonymous_12)","decl":{"start":{"line":80,"column":2},"end":{"line":80,"column":10}},"loc":{"start":{"line":80,"column":10},"end":{"line":87,"column":3}}},"13":{"name":"(anonymous_13)","decl":{"start":{"line":81,"column":98},"end":{"line":81,"column":99}},"loc":{"start":{"line":81,"column":107},"end":{"line":86,"column":5}}}},"branchMap":{"0":{"loc":{"start":{"line":46,"column":12},"end":{"line":46,"column":14}},"type":"binary-expr","locations":[{"start":{"line":46,"column":12},"end":{"line":46,"column":14}},{"start":{"line":46,"column":18},"end":{"line":46,"column":25}}]},"1":{"loc":{"start":{"line":47,"column":13},"end":{"line":47,"column":15}},"type":"binary-expr","locations":[{"start":{"line":47,"column":13},"end":{"line":47,"column":15}},{"start":{"line":47,"column":19},"end":{"line":47,"column":28}}]},"2":{"loc":{"start":{"line":48,"column":20},"end":{"line":48,"column":22}},"type":"binary-expr","locations":[{"start":{"line":48,"column":20},"end":{"line":48,"column":22}},{"start":{"line":48,"column":26},"end":{"line":48,"column":42}}]},"3":{"loc":{"start":{"line":49,"column":14},"end":{"line":49,"column":16}},"type":"binary-expr","locations":[{"start":{"line":49,"column":14},"end":{"line":49,"column":16}},{"start":{"line":49,"column":20},"end":{"line":49,"column":30}}]},"4":{"loc":{"start":{"line":50,"column":17},"end":{"line":50,"column":19}},"type":"binary-expr","locations":[{"start":{"line":50,"column":17},"end":{"line":50,"column":19}},{"start":{"line":50,"column":23},"end":{"line":50,"column":36}}]}},"s":{"0":1,"1":1,"2":1,"3":1,"4":9,"5":9,"6":9,"7":9,"8":9,"9":9,"10":9,"11":9,"12":1,"13":1,"14":1,"15":1,"16":13,"17":1,"18":1,"19":1,"20":1,"21":1,"22":1,"23":1,"24":1,"25":1,"26":1,"27":1,"28":1,"29":1,"30":1,"31":1,"32":1},"f":{"0":9,"1":9,"2":9,"3":1,"4":1,"5":1,"6":13,"7":1,"8":1,"9":1,"10":1,"11":1,"12":1,"13":1},"b":{"0":[1,1],"1":[1,1],"2":[1,1],"3":[1,1],"4":[1,1]}}
,"/home/pooja/Desktop/crud-operations/src/app/dashboard/dashboard.component.html": {"path":"/home/pooja/Desktop/crud-operations/src/app/dashboard/dashboard.component.html","statementMap":{"0":{"start":{"line":1,"column":0},"end":{"line":1,"column":137}}},"fnMap":{},"branchMap":{},"s":{"0":1},"f":{},"b":{},"inputSourceMap":null,"_coverageSchema":"1a1c01bbd47fc00a2c39e90264f33305004495a9","hash":"69e82745e8ffdbbcc625ea38d6a1ea83df1b3361"}
,"/home/pooja/Desktop/crud-operations/src/app/dashboard/dashboard.component.ts": {"path":"/home/pooja/Desktop/crud-operations/src/app/dashboard/dashboard.component.ts","statementMap":{"0":{"start":{"line":1,"column":0},"end":{"line":1,"column":50}},"1":{"start":{"line":2,"column":0},"end":{"line":2,"column":50}},"2":{"start":{"line":3,"column":0},"end":{"line":3,"column":41}},"3":{"start":{"line":9,"column":0},"end":{"line":28,"column":null}},"4":{"start":{"line":13,"column":12},"end":{"line":13,"column":27}},"5":{"start":{"line":14,"column":12},"end":{"line":14,"column":20}},"6":{"start":{"line":18,"column":4},"end":{"line":18,"column":24}},"7":{"start":{"line":21,"column":4},"end":{"line":23,"column":7}},"8":{"start":{"line":22,"column":6},"end":{"line":22,"column":30}},"9":{"start":{"line":26,"column":4},"end":{"line":26,"column":44}},"10":{"start":{"line":9,"column":13},"end":{"line":28,"column":null}},"11":{"start":{"line":9,"column":13},"end":{"line":9,"column":31}}},"fnMap":{"0":{"name":"(anonymous_0)","decl":{"start":{"line":12,"column":2},"end":{"line":12,"column":null}},"loc":{"start":{"line":14,"column":26},"end":{"line":15,"column":7}}},"1":{"name":"(anonymous_1)","decl":{"start":{"line":17,"column":2},"end":{"line":17,"column":10}},"loc":{"start":{"line":17,"column":10},"end":{"line":19,"column":3}}},"2":{"name":"(anonymous_2)","decl":{"start":{"line":20,"column":2},"end":{"line":20,"column":14}},"loc":{"start":{"line":20,"column":14},"end":{"line":24,"column":3}}},"3":{"name":"(anonymous_3)","decl":{"start":{"line":21,"column":47},"end":{"line":21,"column":48}},"loc":{"start":{"line":21,"column":56},"end":{"line":23,"column":5}}},"4":{"name":"(anonymous_4)","decl":{"start":{"line":25,"column":2},"end":{"line":25,"column":23}},"loc":{"start":{"line":25,"column":26},"end":{"line":27,"column":3}}}},"branchMap":{},"s":{"0":1,"1":1,"2":1,"3":1,"4":3,"5":3,"6":3,"7":4,"8":1,"9":1,"10":1,"11":1},"f":{"0":3,"1":3,"2":4,"3":1,"4":1},"b":{}}
,"/home/pooja/Desktop/crud-operations/src/app/dashboard/dashboard-card/dashboard-card.component.html": {"path":"/home/pooja/Desktop/crud-operations/src/app/dashboard/dashboard-card/dashboard-card.component.html","statementMap":{"0":{"start":{"line":1,"column":0},"end":{"line":1,"column":514}}},"fnMap":{},"branchMap":{},"s":{"0":3},"f":{},"b":{},"inputSourceMap":null,"_coverageSchema":"1a1c01bbd47fc00a2c39e90264f33305004495a9","hash":"c530993fb3c2c30fb7dc2a06eb6fd1598e2e9206"}
,"/home/pooja/Desktop/crud-operations/src/app/dashboard/dashboard-card/dashboard-card.component.ts": {"path":"/home/pooja/Desktop/crud-operations/src/app/dashboard/dashboard-card/dashboard-card.component.ts","statementMap":{"0":{"start":{"line":1,"column":0},"end":{"line":1,"column":79}},"1":{"start":{"line":8,"column":0},"end":{"line":21,"column":null}},"2":{"start":{"line":11,"column":12},"end":{"line":11,"column":54}},"3":{"start":{"line":14,"column":4},"end":{"line":14,"column":34}},"4":{"start":{"line":10,"column":11},"end":{"line":10,"column":null}},"5":{"start":{"line":11,"column":12},"end":{"line":11,"column":null}},"6":{"start":{"line":8,"column":13},"end":{"line":21,"column":null}},"7":{"start":{"line":8,"column":13},"end":{"line":8,"column":35}}},"fnMap":{"0":{"name":"(anonymous_0)","decl":{"start":{"line":16,"column":2},"end":{"line":16,"column":18}},"loc":{"start":{"line":16,"column":2},"end":{"line":16,"column":19}}},"1":{"name":"(anonymous_1)","decl":{"start":{"line":13,"column":2},"end":{"line":13,"column":12}},"loc":{"start":{"line":13,"column":26},"end":{"line":15,"column":3}}},"2":{"name":"(anonymous_2)","decl":{"start":{"line":18,"column":2},"end":{"line":18,"column":10}},"loc":{"start":{"line":18,"column":10},"end":{"line":19,"column":3}}}},"branchMap":{},"s":{"0":3,"1":3,"2":5,"3":1,"4":3,"5":3,"6":3,"7":3},"f":{"0":5,"1":1,"2":5},"b":{}}
,"/home/pooja/Desktop/crud-operations/src/app/dashboard/indiviual-product/indiviual-product.component.html": {"path":"/home/pooja/Desktop/crud-operations/src/app/dashboard/indiviual-product/indiviual-product.component.html","statementMap":{"0":{"start":{"line":1,"column":0},"end":{"line":1,"column":102}}},"fnMap":{},"branchMap":{},"s":{"0":1},"f":{},"b":{},"inputSourceMap":null,"_coverageSchema":"1a1c01bbd47fc00a2c39e90264f33305004495a9","hash":"3f33331ea72e368f945286928e182ff48ccd2c08"}
,"/home/pooja/Desktop/crud-operations/src/app/dashboard/indiviual-product/indiviual-product.component.ts": {"path":"/home/pooja/Desktop/crud-operations/src/app/dashboard/indiviual-product/indiviual-product.component.ts","statementMap":{"0":{"start":{"line":1,"column":0},"end":{"line":1,"column":50}},"1":{"start":{"line":2,"column":0},"end":{"line":2,"column":53}},"2":{"start":{"line":3,"column":0},"end":{"line":3,"column":57}},"3":{"start":{"line":11,"column":0},"end":{"line":31,"column":null}},"4":{"start":{"line":16,"column":12},"end":{"line":16,"column":28}},"5":{"start":{"line":17,"column":12},"end":{"line":17,"column":27}},"6":{"start":{"line":19,"column":19},"end":{"line":19,"column":23}},"7":{"start":{"line":20,"column":4},"end":{"line":20,"column":66}},"8":{"start":{"line":24,"column":4},"end":{"line":24,"column":19}},"9":{"start":{"line":27,"column":4},"end":{"line":29,"column":7}},"10":{"start":{"line":28,"column":6},"end":{"line":28,"column":30}},"11":{"start":{"line":11,"column":13},"end":{"line":31,"column":null}},"12":{"start":{"line":11,"column":13},"end":{"line":11,"column":38}}},"fnMap":{"0":{"name":"(anonymous_0)","decl":{"start":{"line":15,"column":2},"end":{"line":15,"column":null}},"loc":{"start":{"line":17,"column":40},"end":{"line":21,"column":3}}},"1":{"name":"(anonymous_1)","decl":{"start":{"line":23,"column":2},"end":{"line":23,"column":10}},"loc":{"start":{"line":23,"column":10},"end":{"line":25,"column":3}}},"2":{"name":"(anonymous_2)","decl":{"start":{"line":26,"column":2},"end":{"line":26,"column":9}},"loc":{"start":{"line":26,"column":9},"end":{"line":30,"column":3}}},"3":{"name":"(anonymous_3)","decl":{"start":{"line":27,"column":64},"end":{"line":27,"column":65}},"loc":{"start":{"line":27,"column":73},"end":{"line":29,"column":5}}}},"branchMap":{},"s":{"0":1,"1":1,"2":1,"3":1,"4":2,"5":2,"6":2,"7":2,"8":2,"9":3,"10":1,"11":1,"12":1},"f":{"0":2,"1":2,"2":3,"3":1},"b":{}}
,"/home/pooja/Desktop/crud-operations/src/app/dashboard/indiviual-product-card/indiviual-product-card.component.html": {"path":"/home/pooja/Desktop/crud-operations/src/app/dashboard/indiviual-product-card/indiviual-product-card.component.html","statementMap":{"0":{"start":{"line":1,"column":0},"end":{"line":1,"column":598}}},"fnMap":{},"branchMap":{},"s":{"0":2},"f":{},"b":{},"inputSourceMap":null,"_coverageSchema":"1a1c01bbd47fc00a2c39e90264f33305004495a9","hash":"7587e650493c78ad5d127cf89da5317d01d348bf"}
,"/home/pooja/Desktop/crud-operations/src/app/dashboard/indiviual-product-card/indiviual-product-card.component.ts": {"path":"/home/pooja/Desktop/crud-operations/src/app/dashboard/indiviual-product-card/indiviual-product-card.component.ts","statementMap":{"0":{"start":{"line":1,"column":0},"end":{"line":1,"column":57}},"1":{"start":{"line":8,"column":0},"end":{"line":16,"column":null}},"2":{"start":{"line":10,"column":11},"end":{"line":10,"column":null}},"3":{"start":{"line":8,"column":13},"end":{"line":16,"column":null}},"4":{"start":{"line":8,"column":13},"end":{"line":8,"column":42}}},"fnMap":{"0":{"name":"(anonymous_0)","decl":{"start":{"line":11,"column":2},"end":{"line":11,"column":17}},"loc":{"start":{"line":11,"column":2},"end":{"line":11,"column":18}}},"1":{"name":"(anonymous_1)","decl":{"start":{"line":13,"column":2},"end":{"line":13,"column":10}},"loc":{"start":{"line":13,"column":10},"end":{"line":14,"column":3}}}},"branchMap":{},"s":{"0":2,"1":2,"2":2,"3":2,"4":2},"f":{"0":3,"1":3},"b":{}}
,"/home/pooja/Desktop/crud-operations/src/app/layout/button/button.component.html": {"path":"/home/pooja/Desktop/crud-operations/src/app/layout/button/button.component.html","statementMap":{"0":{"start":{"line":1,"column":0},"end":{"line":1,"column":140}}},"fnMap":{},"branchMap":{},"s":{"0":2},"f":{},"b":{},"inputSourceMap":null,"_coverageSchema":"1a1c01bbd47fc00a2c39e90264f33305004495a9","hash":"fee50f5a4e2aab4f7c7c73f9154bb69a7cfc0744"}
,"/home/pooja/Desktop/crud-operations/src/app/layout/button/button.component.ts": {"path":"/home/pooja/Desktop/crud-operations/src/app/layout/button/button.component.ts","statementMap":{"0":{"start":{"line":1,"column":0},"end":{"line":1,"column":79}},"1":{"start":{"line":7,"column":0},"end":{"line":21,"column":null}},"2":{"start":{"line":11,"column":12},"end":{"line":11,"column":55}},"3":{"start":{"line":19,"column":4},"end":{"line":19,"column":38}},"4":{"start":{"line":8,"column":11},"end":{"line":8,"column":null}},"5":{"start":{"line":9,"column":11},"end":{"line":9,"column":null}},"6":{"start":{"line":10,"column":11},"end":{"line":10,"column":null}},"7":{"start":{"line":11,"column":12},"end":{"line":11,"column":null}},"8":{"start":{"line":7,"column":13},"end":{"line":21,"column":null}},"9":{"start":{"line":7,"column":13},"end":{"line":7,"column":28}}},"fnMap":{"0":{"name":"(anonymous_0)","decl":{"start":{"line":13,"column":2},"end":{"line":13,"column":18}},"loc":{"start":{"line":13,"column":2},"end":{"line":13,"column":19}}},"1":{"name":"(anonymous_1)","decl":{"start":{"line":15,"column":2},"end":{"line":15,"column":10}},"loc":{"start":{"line":15,"column":10},"end":{"line":16,"column":3}}},"2":{"name":"(anonymous_2)","decl":{"start":{"line":18,"column":2},"end":{"line":18,"column":15}},"loc":{"start":{"line":18,"column":26},"end":{"line":20,"column":3}}}},"branchMap":{},"s":{"0":2,"1":2,"2":15,"3":1,"4":2,"5":2,"6":2,"7":2,"8":2,"9":2},"f":{"0":15,"1":15,"2":1},"b":{}}
,"/home/pooja/Desktop/crud-operations/src/app/layout/header/header.component.html": {"path":"/home/pooja/Desktop/crud-operations/src/app/layout/header/header.component.html","statementMap":{"0":{"start":{"line":1,"column":0},"end":{"line":1,"column":1222}}},"fnMap":{},"branchMap":{},"s":{"0":2},"f":{},"b":{},"inputSourceMap":null,"_coverageSchema":"1a1c01bbd47fc00a2c39e90264f33305004495a9","hash":"9e3bcbf382c22edc01f3d92dd030766d77838d44"}
,"/home/pooja/Desktop/crud-operations/src/app/layout/header/header.component.ts": {"path":"/home/pooja/Desktop/crud-operations/src/app/layout/header/header.component.ts","statementMap":{"0":{"start":{"line":1,"column":0},"end":{"line":1,"column":50}},"1":{"start":{"line":10,"column":0},"end":{"line":15,"column":null}},"2":{"start":{"line":10,"column":13},"end":{"line":15,"column":null}},"3":{"start":{"line":10,"column":13},"end":{"line":10,"column":28}}},"fnMap":{"0":{"name":"(anonymous_0)","decl":{"start":{"line":11,"column":2},"end":{"line":11,"column":null}},"loc":{"start":{"line":11,"column":2},"end":{"line":12,"column":9}}},"1":{"name":"(anonymous_1)","decl":{"start":{"line":13,"column":4},"end":{"line":13,"column":12}},"loc":{"start":{"line":13,"column":12},"end":{"line":14,"column":5}}}},"branchMap":{},"s":{"0":2,"1":2,"2":2,"3":2},"f":{"0":2,"1":2},"b":{}}
,"/home/pooja/Desktop/crud-operations/src/app/layout/layout/layout.component.html": {"path":"/home/pooja/Desktop/crud-operations/src/app/layout/layout/layout.component.html","statementMap":{"0":{"start":{"line":1,"column":0},"end":{"line":1,"column":856}}},"fnMap":{},"branchMap":{},"s":{"0":1},"f":{},"b":{},"inputSourceMap":null,"_coverageSchema":"1a1c01bbd47fc00a2c39e90264f33305004495a9","hash":"9eb8d16226e8c4fa1177ab2be386cb23370b0426"}
,"/home/pooja/Desktop/crud-operations/src/app/layout/layout/layout.component.ts": {"path":"/home/pooja/Desktop/crud-operations/src/app/layout/layout/layout.component.ts","statementMap":{"0":{"start":{"line":1,"column":0},"end":{"line":1,"column":50}},"1":{"start":{"line":2,"column":0},"end":{"line":2,"column":45}},"2":{"start":{"line":3,"column":0},"end":{"line":3,"column":67}},"3":{"start":{"line":4,"column":0},"end":{"line":4,"column":93}},"4":{"start":{"line":5,"column":0},"end":{"line":5,"column":41}},"5":{"start":{"line":11,"column":0},"end":{"line":56,"column":null}},"6":{"start":{"line":18,"column":12},"end":{"line":18,"column":26}},"7":{"start":{"line":19,"column":12},"end":{"line":19,"column":43}},"8":{"start":{"line":20,"column":12},"end":{"line":20,"column":20}},"9":{"start":{"line":13,"column":2},"end":{"line":13,"column":37}},"10":{"start":{"line":24,"column":4},"end":{"line":24,"column":27}},"11":{"start":{"line":25,"column":4},"end":{"line":25,"column":25}},"12":{"start":{"line":26,"column":4},"end":{"line":26,"column":22}},"13":{"start":{"line":29,"column":4},"end":{"line":29,"column":27}},"14":{"start":{"line":30,"column":4},"end":{"line":34,"column":null}},"15":{"start":{"line":31,"column":6},"end":{"line":31,"column":30}},"16":{"start":{"line":32,"column":10},"end":{"line":34,"column":null}},"17":{"start":{"line":33,"column":6},"end":{"line":33,"column":31}},"18":{"start":{"line":35,"column":4},"end":{"line":41,"column":6}},"19":{"start":{"line":36,"column":6},"end":{"line":40,"column":null}},"20":{"start":{"line":37,"column":6},"end":{"line":37,"column":30}},"21":{"start":{"line":39,"column":6},"end":{"line":39,"column":31}},"22":{"start":{"line":44,"column":4},"end":{"line":48,"column":null}},"23":{"start":{"line":45,"column":6},"end":{"line":45,"column":37}},"24":{"start":{"line":47,"column":6},"end":{"line":47,"column":38}},"25":{"start":{"line":49,"column":4},"end":{"line":49,"column":28}},"26":{"start":{"line":52,"column":4},"end":{"line":52,"column":48}},"27":{"start":{"line":53,"column":4},"end":{"line":53,"column":55}},"28":{"start":{"line":54,"column":4},"end":{"line":54,"column":36}},"29":{"start":{"line":11,"column":13},"end":{"line":56,"column":null}},"30":{"start":{"line":11,"column":13},"end":{"line":11,"column":28}}},"fnMap":{"0":{"name":"(anonymous_0)","decl":{"start":{"line":17,"column":2},"end":{"line":17,"column":null}},"loc":{"start":{"line":20,"column":26},"end":{"line":21,"column":6}}},"1":{"name":"(anonymous_1)","decl":{"start":{"line":23,"column":2},"end":{"line":23,"column":10}},"loc":{"start":{"line":23,"column":10},"end":{"line":27,"column":3}}},"2":{"name":"(anonymous_2)","decl":{"start":{"line":28,"column":2},"end":{"line":28,"column":15}},"loc":{"start":{"line":28,"column":15},"end":{"line":42,"column":3}}},"3":{"name":"(anonymous_3)","decl":{"start":{"line":35,"column":59},"end":{"line":35,"column":66}},"loc":{"start":{"line":35,"column":69},"end":{"line":41,"column":4}}},"4":{"name":"(anonymous_4)","decl":{"start":{"line":43,"column":2},"end":{"line":43,"column":7}},"loc":{"start":{"line":43,"column":13},"end":{"line":50,"column":3}}},"5":{"name":"(anonymous_5)","decl":{"start":{"line":51,"column":2},"end":{"line":51,"column":8}},"loc":{"start":{"line":51,"column":8},"end":{"line":55,"column":3}}}},"branchMap":{"0":{"loc":{"start":{"line":30,"column":4},"end":{"line":34,"column":null}},"type":"if","locations":[{"start":{"line":30,"column":4},"end":{"line":34,"column":null}},{"start":{"line":30,"column":4},"end":{"line":34,"column":null}}]},"1":{"loc":{"start":{"line":32,"column":10},"end":{"line":34,"column":null}},"type":"if","locations":[{"start":{"line":32,"column":10},"end":{"line":34,"column":null}},{"start":{"line":32,"column":10},"end":{"line":34,"column":null}}]},"2":{"loc":{"start":{"line":36,"column":6},"end":{"line":40,"column":null}},"type":"if","locations":[{"start":{"line":36,"column":6},"end":{"line":40,"column":null}},{"start":{"line":36,"column":6},"end":{"line":40,"column":null}}]},"3":{"loc":{"start":{"line":44,"column":4},"end":{"line":48,"column":null}},"type":"if","locations":[{"start":{"line":44,"column":4},"end":{"line":48,"column":null}},{"start":{"line":44,"column":4},"end":{"line":48,"column":null}}]}},"s":{"0":1,"1":1,"2":1,"3":1,"4":1,"5":1,"6":5,"7":5,"8":5,"9":5,"10":5,"11":5,"12":5,"13":7,"14":7,"15":0,"16":7,"17":7,"18":7,"19":2,"20":1,"21":1,"22":6,"23":1,"24":5,"25":6,"26":1,"27":1,"28":1,"29":1,"30":1},"f":{"0":5,"1":5,"2":7,"3":2,"4":6,"5":1},"b":{"0":[0,7],"1":[7,0],"2":[1,1],"3":[1,5]}}
,"/home/pooja/Desktop/crud-operations/src/app/product/add-product/add-product.component.html": {"path":"/home/pooja/Desktop/crud-operations/src/app/product/add-product/add-product.component.html","statementMap":{"0":{"start":{"line":1,"column":0},"end":{"line":1,"column":2571}}},"fnMap":{},"branchMap":{},"s":{"0":1},"f":{},"b":{},"inputSourceMap":null,"_coverageSchema":"1a1c01bbd47fc00a2c39e90264f33305004495a9","hash":"8a2da0daf247a1327c887fc9821e2c56b9ac6c71"}
,"/home/pooja/Desktop/crud-operations/src/app/product/add-product/add-product.component.ts": {"path":"/home/pooja/Desktop/crud-operations/src/app/product/add-product/add-product.component.ts","statementMap":{"0":{"start":{"line":1,"column":0},"end":{"line":1,"column":50}},"1":{"start":{"line":2,"column":0},"end":{"line":2,"column":81}},"2":{"start":{"line":4,"column":0},"end":{"line":4,"column":44}},"3":{"start":{"line":5,"column":0},"end":{"line":5,"column":96}},"4":{"start":{"line":6,"column":0},"end":{"line":6,"column":76}},"5":{"start":{"line":8,"column":0},"end":{"line":8,"column":49}},"6":{"start":{"line":10,"column":0},"end":{"line":10,"column":57}},"7":{"start":{"line":17,"column":0},"end":{"line":88,"column":null}},"8":{"start":{"line":26,"column":12},"end":{"line":26,"column":16}},"9":{"start":{"line":27,"column":12},"end":{"line":27,"column":19}},"10":{"start":{"line":28,"column":12},"end":{"line":28,"column":28}},"11":{"start":{"line":29,"column":12},"end":{"line":29,"column":20}},"12":{"start":{"line":39,"column":4},"end":{"line":39,"column":22}},"13":{"start":{"line":42,"column":4},"end":{"line":49,"column":7}},"14":{"start":{"line":52,"column":4},"end":{"line":59,"column":7}},"15":{"start":{"line":63,"column":4},"end":{"line":63,"column":53}},"16":{"start":{"line":64,"column":4},"end":{"line":64,"column":29}},"17":{"start":{"line":65,"column":4},"end":{"line":65,"column":64}},"18":{"start":{"line":68,"column":4},"end":{"line":68,"column":23}},"19":{"start":{"line":69,"column":15},"end":{"line":69,"column":29}},"20":{"start":{"line":70,"column":4},"end":{"line":70,"column":43}},"21":{"start":{"line":71,"column":4},"end":{"line":74,"column":7}},"22":{"start":{"line":72,"column":6},"end":{"line":72,"column":67}},"23":{"start":{"line":73,"column":6},"end":{"line":73,"column":43}},"24":{"start":{"line":77,"column":4},"end":{"line":77,"column":47}},"25":{"start":{"line":78,"column":37},"end":{"line":81,"column":6}},"26":{"start":{"line":82,"column":4},"end":{"line":82,"column":59}},"27":{"start":{"line":83,"column":4},"end":{"line":83,"column":29}},"28":{"start":{"line":84,"column":4},"end":{"line":84,"column":24}},"29":{"start":{"line":85,"column":4},"end":{"line":85,"column":64}},"30":{"start":{"line":17,"column":13},"end":{"line":88,"column":null}},"31":{"start":{"line":17,"column":13},"end":{"line":17,"column":32}}},"fnMap":{"0":{"name":"(anonymous_0)","decl":{"start":{"line":25,"column":2},"end":{"line":25,"column":null}},"loc":{"start":{"line":29,"column":26},"end":{"line":31,"column":5}}},"1":{"name":"(anonymous_1)","decl":{"start":{"line":33,"column":2},"end":{"line":33,"column":10}},"loc":{"start":{"line":33,"column":10},"end":{"line":40,"column":3}}},"2":{"name":"(anonymous_2)","decl":{"start":{"line":41,"column":2},"end":{"line":41,"column":12}},"loc":{"start":{"line":41,"column":12},"end":{"line":50,"column":3}}},"3":{"name":"(anonymous_3)","decl":{"start":{"line":51,"column":2},"end":{"line":51,"column":11}},"loc":{"start":{"line":51,"column":22},"end":{"line":60,"column":3}}},"4":{"name":"(anonymous_4)","decl":{"start":{"line":62,"column":2},"end":{"line":62,"column":10}},"loc":{"start":{"line":62,"column":15},"end":{"line":66,"column":3}}},"5":{"name":"(anonymous_5)","decl":{"start":{"line":67,"column":2},"end":{"line":67,"column":6}},"loc":{"start":{"line":67,"column":6},"end":{"line":75,"column":3}}},"6":{"name":"(anonymous_6)","decl":{"start":{"line":71,"column":55},"end":{"line":71,"column":56}},"loc":{"start":{"line":71,"column":67},"end":{"line":74,"column":5}}},"7":{"name":"(anonymous_7)","decl":{"start":{"line":76,"column":2},"end":{"line":76,"column":10}},"loc":{"start":{"line":76,"column":10},"end":{"line":86,"column":3}}}},"branchMap":{"0":{"loc":{"start":{"line":53,"column":12},"end":{"line":53,"column":14}},"type":"binary-expr","locations":[{"start":{"line":53,"column":12},"end":{"line":53,"column":14}},{"start":{"line":53,"column":18},"end":{"line":53,"column":25}}]},"1":{"loc":{"start":{"line":54,"column":13},"end":{"line":54,"column":15}},"type":"binary-expr","locations":[{"start":{"line":54,"column":13},"end":{"line":54,"column":15}},{"start":{"line":54,"column":19},"end":{"line":54,"column":28}}]},"2":{"loc":{"start":{"line":55,"column":20},"end":{"line":55,"column":22}},"type":"binary-expr","locations":[{"start":{"line":55,"column":20},"end":{"line":55,"column":22}},{"start":{"line":55,"column":26},"end":{"line":55,"column":42}}]},"3":{"loc":{"start":{"line":56,"column":14},"end":{"line":56,"column":16}},"type":"binary-expr","locations":[{"start":{"line":56,"column":14},"end":{"line":56,"column":16}},{"start":{"line":56,"column":20},"end":{"line":56,"column":30}}]},"4":{"loc":{"start":{"line":57,"column":17},"end":{"line":57,"column":19}},"type":"binary-expr","locations":[{"start":{"line":57,"column":17},"end":{"line":57,"column":19}},{"start":{"line":57,"column":23},"end":{"line":57,"column":36}}]}},"s":{"0":1,"1":1,"2":1,"3":1,"4":1,"5":1,"6":1,"7":1,"8":7,"9":7,"10":7,"11":7,"12":7,"13":7,"14":1,"15":1,"16":1,"17":1,"18":1,"19":1,"20":1,"21":1,"22":0,"23":0,"24":1,"25":1,"26":1,"27":1,"28":1,"29":1,"30":1,"31":1},"f":{"0":7,"1":7,"2":7,"3":1,"4":1,"5":1,"6":0,"7":1},"b":{"0":[1,1],"1":[1,1],"2":[1,1],"3":[1,1],"4":[1,1]}}
,"/home/pooja/Desktop/crud-operations/src/app/product/product-list/product-list.component.html": {"path":"/home/pooja/Desktop/crud-operations/src/app/product/product-list/product-list.component.html","statementMap":{"0":{"start":{"line":1,"column":0},"end":{"line":1,"column":821}}},"fnMap":{},"branchMap":{},"s":{"0":1},"f":{},"b":{},"inputSourceMap":null,"_coverageSchema":"1a1c01bbd47fc00a2c39e90264f33305004495a9","hash":"c99fc6f659380b03ed196f8c2804cae70e01ce92"}
,"/home/pooja/Desktop/crud-operations/src/app/product/product-list/product-list.component.ts": {"path":"/home/pooja/Desktop/crud-operations/src/app/product/product-list/product-list.component.ts","statementMap":{"0":{"start":{"line":1,"column":0},"end":{"line":1,"column":50}},"1":{"start":{"line":2,"column":0},"end":{"line":2,"column":44}},"2":{"start":{"line":3,"column":0},"end":{"line":3,"column":56}},"3":{"start":{"line":6,"column":0},"end":{"line":6,"column":59}},"4":{"start":{"line":7,"column":0},"end":{"line":7,"column":41}},"5":{"start":{"line":13,"column":0},"end":{"line":36,"column":null}},"6":{"start":{"line":18,"column":10},"end":{"line":18,"column":17}},"7":{"start":{"line":19,"column":10},"end":{"line":19,"column":18}},"8":{"start":{"line":15,"column":2},"end":{"line":15,"column":27}},"9":{"start":{"line":23,"column":4},"end":{"line":23,"column":52}},"10":{"start":{"line":24,"column":4},"end":{"line":24,"column":20}},"11":{"start":{"line":27,"column":4},"end":{"line":27,"column":63}},"12":{"start":{"line":30,"column":4},"end":{"line":30,"column":69}},"13":{"start":{"line":33,"column":16},"end":{"line":33,"column":20}},"14":{"start":{"line":34,"column":4},"end":{"line":34,"column":56}},"15":{"start":{"line":13,"column":13},"end":{"line":36,"column":null}},"16":{"start":{"line":13,"column":13},"end":{"line":13,"column":33}}},"fnMap":{"0":{"name":"(anonymous_0)","decl":{"start":{"line":17,"column":2},"end":{"line":17,"column":null}},"loc":{"start":{"line":19,"column":24},"end":{"line":20,"column":7}}},"1":{"name":"(anonymous_1)","decl":{"start":{"line":22,"column":2},"end":{"line":22,"column":10}},"loc":{"start":{"line":22,"column":10},"end":{"line":25,"column":3}}},"2":{"name":"(anonymous_2)","decl":{"start":{"line":26,"column":2},"end":{"line":26,"column":10}},"loc":{"start":{"line":26,"column":10},"end":{"line":28,"column":3}}},"3":{"name":"(anonymous_3)","decl":{"start":{"line":29,"column":2},"end":{"line":29,"column":6}},"loc":{"start":{"line":29,"column":9},"end":{"line":31,"column":3}}},"4":{"name":"(anonymous_4)","decl":{"start":{"line":32,"column":2},"end":{"line":32,"column":8}},"loc":{"start":{"line":32,"column":11},"end":{"line":35,"column":3}}}},"branchMap":{},"s":{"0":1,"1":1,"2":1,"3":1,"4":1,"5":1,"6":2,"7":2,"8":2,"9":2,"10":2,"11":2,"12":1,"13":0,"14":0,"15":1,"16":1},"f":{"0":2,"1":2,"2":2,"3":1,"4":0},"b":{}}
,"/home/pooja/Desktop/crud-operations/src/app/product/store/product.actions.ts": {"path":"/home/pooja/Desktop/crud-operations/src/app/product/store/product.actions.ts","statementMap":{"0":{"start":{"line":1,"column":0},"end":{"line":1,"column":58}},"1":{"start":{"line":7,"column":13},"end":{"line":10,"column":2}},"2":{"start":{"line":11,"column":13},"end":{"line":14,"column":2}},"3":{"start":{"line":15,"column":13},"end":{"line":18,"column":2}},"4":{"start":{"line":20,"column":13},"end":{"line":22,"column":2}},"5":{"start":{"line":23,"column":13},"end":{"line":26,"column":2}},"6":{"start":{"line":31,"column":13},"end":{"line":34,"column":2}},"7":{"start":{"line":36,"column":13},"end":{"line":39,"column":2}},"8":{"start":{"line":40,"column":13},"end":{"line":43,"column":2}},"9":{"start":{"line":44,"column":13},"end":{"line":47,"column":2}},"10":{"start":{"line":49,"column":13},"end":{"line":52,"column":2}},"11":{"start":{"line":54,"column":13},"end":{"line":57,"column":2}}},"fnMap":{},"branchMap":{},"s":{"0":4,"1":4,"2":4,"3":4,"4":4,"5":4,"6":4,"7":4,"8":4,"9":4,"10":4,"11":4},"f":{},"b":{}}
,"/home/pooja/Desktop/crud-operations/src/app/product/store/product.effects.ts": {"path":"/home/pooja/Desktop/crud-operations/src/app/product/store/product.effects.ts","statementMap":{"0":{"start":{"line":1,"column":0},"end":{"line":1,"column":43}},"1":{"start":{"line":2,"column":0},"end":{"line":2,"column":61}},"2":{"start":{"line":3,"column":0},"end":{"line":3,"column":58}},"3":{"start":{"line":4,"column":0},"end":{"line":4,"column":53}},"4":{"start":{"line":5,"column":0},"end":{"line":5,"column":55}},"5":{"start":{"line":6,"column":0},"end":{"line":6,"column":26}},"6":{"start":{"line":9,"column":0},"end":{"line":78,"column":null}},"7":{"start":{"line":74,"column":12},"end":{"line":74,"column":22}},"8":{"start":{"line":75,"column":12},"end":{"line":75,"column":27}},"9":{"start":{"line":11,"column":2},"end":{"line":21,"column":4}},"10":{"start":{"line":12,"column":4},"end":{"line":19,"column":null}},"11":{"start":{"line":15,"column":8},"end":{"line":17,"column":null}},"12":{"start":{"line":16,"column":27},"end":{"line":16,"column":73}},"13":{"start":{"line":17,"column":32},"end":{"line":17,"column":80}},"14":{"start":{"line":23,"column":2},"end":{"line":33,"column":4}},"15":{"start":{"line":24,"column":4},"end":{"line":31,"column":null}},"16":{"start":{"line":27,"column":8},"end":{"line":29,"column":null}},"17":{"start":{"line":28,"column":28},"end":{"line":28,"column":77}},"18":{"start":{"line":29,"column":32},"end":{"line":29,"column":82}},"19":{"start":{"line":35,"column":2},"end":{"line":45,"column":4}},"20":{"start":{"line":36,"column":4},"end":{"line":43,"column":null}},"21":{"start":{"line":39,"column":8},"end":{"line":41,"column":null}},"22":{"start":{"line":40,"column":27},"end":{"line":40,"column":91}},"23":{"start":{"line":41,"column":32},"end":{"line":41,"column":81}},"24":{"start":{"line":47,"column":2},"end":{"line":59,"column":4}},"25":{"start":{"line":48,"column":4},"end":{"line":55,"column":null}},"26":{"start":{"line":51,"column":8},"end":{"line":53,"column":null}},"27":{"start":{"line":61,"column":2},"end":{"line":72,"column":2}},"28":{"start":{"line":62,"column":2},"end":{"line":68,"column":null}},"29":{"start":{"line":65,"column":7},"end":{"line":66,"column":null}},"30":{"start":{"line":9,"column":13},"end":{"line":78,"column":null}},"31":{"start":{"line":9,"column":13},"end":{"line":9,"column":27}}},"fnMap":{"0":{"name":"(anonymous_0)","decl":{"start":{"line":73,"column":2},"end":{"line":73,"column":null}},"loc":{"start":{"line":75,"column":40},"end":{"line":76,"column":8}}},"1":{"name":"(anonymous_1)","decl":{"start":{"line":11,"column":32},"end":{"line":11,"column":35}},"loc":{"start":{"line":12,"column":4},"end":{"line":19,"column":null}}},"2":{"name":"(anonymous_2)","decl":{"start":{"line":14,"column":15},"end":{"line":14,"column":21}},"loc":{"start":{"line":15,"column":8},"end":{"line":17,"column":null}}},"3":{"name":"(anonymous_3)","decl":{"start":{"line":16,"column":16},"end":{"line":16,"column":23}},"loc":{"start":{"line":16,"column":27},"end":{"line":16,"column":73}}},"4":{"name":"(anonymous_4)","decl":{"start":{"line":17,"column":23},"end":{"line":17,"column":28}},"loc":{"start":{"line":17,"column":32},"end":{"line":17,"column":80}}},"5":{"name":"(anonymous_5)","decl":{"start":{"line":23,"column":31},"end":{"line":23,"column":34}},"loc":{"start":{"line":24,"column":4},"end":{"line":31,"column":null}}},"6":{"name":"(anonymous_6)","decl":{"start":{"line":26,"column":15},"end":{"line":26,"column":18}},"loc":{"start":{"line":27,"column":8},"end":{"line":29,"column":null}}},"7":{"name":"(anonymous_7)","decl":{"start":{"line":28,"column":16},"end":{"line":28,"column":24}},"loc":{"start":{"line":28,"column":28},"end":{"line":28,"column":77}}},"8":{"name":"(anonymous_8)","decl":{"start":{"line":29,"column":23},"end":{"line":29,"column":28}},"loc":{"start":{"line":29,"column":32},"end":{"line":29,"column":82}}},"9":{"name":"(anonymous_9)","decl":{"start":{"line":35,"column":38},"end":{"line":35,"column":41}},"loc":{"start":{"line":36,"column":4},"end":{"line":43,"column":null}}},"10":{"name":"(anonymous_10)","decl":{"start":{"line":38,"column":15},"end":{"line":38,"column":16}},"loc":{"start":{"line":39,"column":8},"end":{"line":41,"column":null}}},"11":{"name":"(anonymous_11)","decl":{"start":{"line":40,"column":16},"end":{"line":40,"column":23}},"loc":{"start":{"line":40,"column":27},"end":{"line":40,"column":91}}},"12":{"name":"(anonymous_12)","decl":{"start":{"line":41,"column":23},"end":{"line":41,"column":28}},"loc":{"start":{"line":41,"column":32},"end":{"line":41,"column":81}}},"13":{"name":"(anonymous_13)","decl":{"start":{"line":47,"column":30},"end":{"line":47,"column":33}},"loc":{"start":{"line":48,"column":4},"end":{"line":55,"column":null}}},"14":{"name":"(anonymous_14)","decl":{"start":{"line":50,"column":15},"end":{"line":50,"column":21}},"loc":{"start":{"line":51,"column":8},"end":{"line":53,"column":null}}},"15":{"name":"(anonymous_15)","decl":{"start":{"line":61,"column":32},"end":{"line":61,"column":35}},"loc":{"start":{"line":62,"column":2},"end":{"line":68,"column":null}}},"16":{"name":"(anonymous_16)","decl":{"start":{"line":64,"column":13},"end":{"line":64,"column":19}},"loc":{"start":{"line":65,"column":7},"end":{"line":66,"column":null}}}},"branchMap":{},"s":{"0":2,"1":2,"2":2,"3":2,"4":2,"5":2,"6":2,"7":2,"8":2,"9":2,"10":2,"11":0,"12":0,"13":0,"14":2,"15":2,"16":0,"17":0,"18":0,"19":2,"20":2,"21":0,"22":0,"23":0,"24":2,"25":2,"26":0,"27":2,"28":2,"29":0,"30":2,"31":2},"f":{"0":2,"1":2,"2":0,"3":0,"4":0,"5":2,"6":0,"7":0,"8":0,"9":2,"10":0,"11":0,"12":0,"13":2,"14":0,"15":2,"16":0},"b":{}}
,"/home/pooja/Desktop/crud-operations/src/app/product/store/product.model.ts": {"path":"/home/pooja/Desktop/crud-operations/src/app/product/store/product.model.ts","statementMap":{"0":{"start":{"line":1,"column":0},"end":{"line":1,"column":13}}},"fnMap":{},"branchMap":{},"s":{"0":1},"f":{},"b":{}}
,"/home/pooja/Desktop/crud-operations/src/app/product/store/product.reducer.ts": {"path":"/home/pooja/Desktop/crud-operations/src/app/product/store/product.reducer.ts","statementMap":{"0":{"start":{"line":1,"column":0},"end":{"line":1,"column":56}},"1":{"start":{"line":2,"column":0},"end":{"line":2,"column":79}},"2":{"start":{"line":4,"column":0},"end":{"line":4,"column":52}},"3":{"start":{"line":6,"column":13},"end":{"line":6,"column":45}},"4":{"start":{"line":14,"column":13},"end":{"line":14,"column":78}},"5":{"start":{"line":16,"column":13},"end":{"line":20,"column":3}},"6":{"start":{"line":23,"column":13},"end":{"line":73,"column":2}},"7":{"start":{"line":28,"column":6},"end":{"line":28,"column":43}},"8":{"start":{"line":31,"column":6},"end":{"line":33,"column":null}},"9":{"start":{"line":38,"column":23},"end":{"line":38,"column":61}},"10":{"start":{"line":42,"column":6},"end":{"line":44,"column":null}},"11":{"start":{"line":51,"column":6},"end":{"line":53,"column":null}},"12":{"start":{"line":59,"column":6},"end":{"line":61,"column":null}},"13":{"start":{"line":67,"column":23},"end":{"line":67,"column":63}},"14":{"start":{"line":71,"column":23},"end":{"line":71,"column":58}},"15":{"start":{"line":75,"column":2},"end":{"line":75,"column":39}},"16":{"start":{"line":74,"column":0},"end":{"line":74,"column":16}},"17":{"start":{"line":77,"column":13},"end":{"line":81,"column":null}}},"fnMap":{"0":{"name":"(anonymous_0)","decl":{"start":{"line":27,"column":4},"end":{"line":27,"column":5}},"loc":{"start":{"line":28,"column":6},"end":{"line":28,"column":43}}},"1":{"name":"(anonymous_1)","decl":{"start":{"line":30,"column":39},"end":{"line":30,"column":40}},"loc":{"start":{"line":30,"column":57},"end":{"line":35,"column":5}}},"2":{"name":"(anonymous_2)","decl":{"start":{"line":38,"column":4},"end":{"line":38,"column":5}},"loc":{"start":{"line":38,"column":23},"end":{"line":38,"column":61}}},"3":{"name":"(anonymous_3)","decl":{"start":{"line":41,"column":4},"end":{"line":41,"column":5}},"loc":{"start":{"line":41,"column":22},"end":{"line":46,"column":5}}},"4":{"name":"(anonymous_4)","decl":{"start":{"line":50,"column":4},"end":{"line":50,"column":5}},"loc":{"start":{"line":50,"column":22},"end":{"line":55,"column":5}}},"5":{"name":"(anonymous_5)","decl":{"start":{"line":58,"column":4},"end":{"line":58,"column":5}},"loc":{"start":{"line":58,"column":22},"end":{"line":63,"column":5}}},"6":{"name":"(anonymous_6)","decl":{"start":{"line":67,"column":4},"end":{"line":67,"column":5}},"loc":{"start":{"line":67,"column":23},"end":{"line":67,"column":63}}},"7":{"name":"(anonymous_7)","decl":{"start":{"line":71,"column":4},"end":{"line":71,"column":5}},"loc":{"start":{"line":71,"column":23},"end":{"line":71,"column":58}}},"8":{"name":"reducer","decl":{"start":{"line":74,"column":16},"end":{"line":74,"column":23}},"loc":{"start":{"line":74,"column":71},"end":{"line":76,"column":1}}}},"branchMap":{},"s":{"0":3,"1":3,"2":3,"3":3,"4":3,"5":3,"6":3,"7":0,"8":0,"9":0,"10":0,"11":0,"12":0,"13":0,"14":0,"15":1,"16":3,"17":3},"f":{"0":0,"1":0,"2":0,"3":0,"4":0,"5":0,"6":0,"7":0,"8":1},"b":{}}
,"/home/pooja/Desktop/crud-operations/src/app/product/store/product.selecters.ts": {"path":"/home/pooja/Desktop/crud-operations/src/app/product/store/product.selecters.ts","statementMap":{"0":{"start":{"line":1,"column":0},"end":{"line":1,"column":68}},"1":{"start":{"line":2,"column":0},"end":{"line":2,"column":79}},"2":{"start":{"line":3,"column":13},"end":{"line":5,"column":2}},"3":{"start":{"line":7,"column":13},"end":{"line":7,"column":75}},"4":{"start":{"line":9,"column":13},"end":{"line":9,"column":114}},"5":{"start":{"line":9,"column":91},"end":{"line":9,"column":112}}},"fnMap":{"0":{"name":"(anonymous_0)","decl":{"start":{"line":9,"column":66},"end":{"line":9,"column":67}},"loc":{"start":{"line":9,"column":91},"end":{"line":9,"column":112}}}},"branchMap":{},"s":{"0":2,"1":2,"2":2,"3":2,"4":2,"5":1},"f":{"0":1},"b":{}}
,"/home/pooja/Desktop/crud-operations/src/app/setup/login-registration-setup.service.ts": {"path":"/home/pooja/Desktop/crud-operations/src/app/setup/login-registration-setup.service.ts","statementMap":{"0":{"start":{"line":1,"column":0},"end":{"line":1,"column":43}},"1":{"start":{"line":2,"column":0},"end":{"line":2,"column":50}},"2":{"start":{"line":3,"column":0},"end":{"line":3,"column":47}},"3":{"start":{"line":4,"column":0},"end":{"line":4,"column":61}},"4":{"start":{"line":6,"column":0},"end":{"line":6,"column":41}},"5":{"start":{"line":7,"column":0},"end":{"line":7,"column":51}},"6":{"start":{"line":8,"column":0},"end":{"line":8,"column":81}},"7":{"start":{"line":12,"column":0},"end":{"line":48,"column":null}},"8":{"start":{"line":17,"column":12},"end":{"line":17,"column":18}},"9":{"start":{"line":18,"column":12},"end":{"line":18,"column":20}},"10":{"start":{"line":19,"column":12},"end":{"line":19,"column":34}},"11":{"start":{"line":14,"column":2},"end":{"line":14,"column":32}},"12":{"start":{"line":15,"column":10},"end":{"line":15,"column":45}},"13":{"start":{"line":23,"column":16},"end":{"line":23,"column":46}},"14":{"start":{"line":24,"column":4},"end":{"line":28,"column":5}},"15":{"start":{"line":31,"column":16},"end":{"line":31,"column":98}},"16":{"start":{"line":32,"column":4},"end":{"line":36,"column":6}},"17":{"start":{"line":39,"column":4},"end":{"line":39,"column":25}},"18":{"start":{"line":42,"column":4},"end":{"line":42,"column":33}},"19":{"start":{"line":46,"column":4},"end":{"line":46,"column":41}},"20":{"start":{"line":12,"column":13},"end":{"line":48,"column":null}},"21":{"start":{"line":12,"column":13},"end":{"line":12,"column":42}}},"fnMap":{"0":{"name":"(anonymous_0)","decl":{"start":{"line":16,"column":2},"end":{"line":16,"column":null}},"loc":{"start":{"line":19,"column":54},"end":{"line":20,"column":7}}},"1":{"name":"(anonymous_1)","decl":{"start":{"line":22,"column":2},"end":{"line":22,"column":14}},"loc":{"start":{"line":22,"column":19},"end":{"line":29,"column":3}}},"2":{"name":"(anonymous_2)","decl":{"start":{"line":30,"column":2},"end":{"line":30,"column":11}},"loc":{"start":{"line":30,"column":30},"end":{"line":37,"column":3}}},"3":{"name":"(anonymous_3)","decl":{"start":{"line":38,"column":2},"end":{"line":38,"column":8}},"loc":{"start":{"line":38,"column":8},"end":{"line":40,"column":3}}},"4":{"name":"(anonymous_4)","decl":{"start":{"line":41,"column":2},"end":{"line":41,"column":10}},"loc":{"start":{"line":41,"column":27},"end":{"line":43,"column":3}}},"5":{"name":"(anonymous_5)","decl":{"start":{"line":45,"column":2},"end":{"line":45,"column":9}},"loc":{"start":{"line":45,"column":9},"end":{"line":47,"column":3}}}},"branchMap":{},"s":{"0":5,"1":5,"2":5,"3":5,"4":5,"5":5,"6":5,"7":5,"8":22,"9":22,"10":22,"11":22,"12":22,"13":1,"14":1,"15":1,"16":1,"17":1,"18":2,"19":6,"20":5,"21":5},"f":{"0":22,"1":1,"2":1,"3":1,"4":2,"5":6},"b":{}}
,"/home/pooja/Desktop/crud-operations/src/app/setup/login/login.component.html": {"path":"/home/pooja/Desktop/crud-operations/src/app/setup/login/login.component.html","statementMap":{"0":{"start":{"line":1,"column":0},"end":{"line":1,"column":1909}}},"fnMap":{},"branchMap":{},"s":{"0":1},"f":{},"b":{},"inputSourceMap":null,"_coverageSchema":"1a1c01bbd47fc00a2c39e90264f33305004495a9","hash":"e432525087a9768894dece0addb969e0aac28684"}
,"/home/pooja/Desktop/crud-operations/src/app/setup/login/login.component.ts": {"path":"/home/pooja/Desktop/crud-operations/src/app/setup/login/login.component.ts","statementMap":{"0":{"start":{"line":1,"column":0},"end":{"line":1,"column":50}},"1":{"start":{"line":2,"column":0},"end":{"line":2,"column":81}},"2":{"start":{"line":3,"column":0},"end":{"line":3,"column":84}},"3":{"start":{"line":4,"column":0},"end":{"line":4,"column":41}},"4":{"start":{"line":11,"column":0},"end":{"line":45,"column":null}},"5":{"start":{"line":16,"column":12},"end":{"line":16,"column":16}},"6":{"start":{"line":17,"column":12},"end":{"line":17,"column":43}},"7":{"start":{"line":18,"column":12},"end":{"line":18,"column":20}},"8":{"start":{"line":22,"column":4},"end":{"line":22,"column":22}},"9":{"start":{"line":25,"column":4},"end":{"line":28,"column":7}},"10":{"start":{"line":31,"column":4},"end":{"line":43,"column":7}},"11":{"start":{"line":32,"column":6},"end":{"line":42,"column":null}},"12":{"start":{"line":33,"column":8},"end":{"line":33,"column":39}},"13":{"start":{"line":34,"column":8},"end":{"line":34,"column":29}},"14":{"start":{"line":36,"column":8},"end":{"line":36,"column":35}},"15":{"start":{"line":37,"column":8},"end":{"line":37,"column":58}},"16":{"start":{"line":38,"column":8},"end":{"line":38,"column":28}},"17":{"start":{"line":39,"column":25},"end":{"line":39,"column":48}},"18":{"start":{"line":40,"column":8},"end":{"line":40,"column":47}},"19":{"start":{"line":41,"column":8},"end":{"line":41,"column":40}},"20":{"start":{"line":11,"column":13},"end":{"line":45,"column":null}},"21":{"start":{"line":11,"column":13},"end":{"line":11,"column":27}}},"fnMap":{"0":{"name":"(anonymous_0)","decl":{"start":{"line":15,"column":2},"end":{"line":15,"column":null}},"loc":{"start":{"line":18,"column":26},"end":{"line":19,"column":5}}},"1":{"name":"(anonymous_1)","decl":{"start":{"line":21,"column":2},"end":{"line":21,"column":10}},"loc":{"start":{"line":21,"column":10},"end":{"line":23,"column":3}}},"2":{"name":"(anonymous_2)","decl":{"start":{"line":24,"column":2},"end":{"line":24,"column":12}},"loc":{"start":{"line":24,"column":12},"end":{"line":29,"column":3}}},"3":{"name":"(anonymous_3)","decl":{"start":{"line":30,"column":2},"end":{"line":30,"column":10}},"loc":{"start":{"line":30,"column":15},"end":{"line":44,"column":3}}},"4":{"name":"(anonymous_4)","decl":{"start":{"line":31,"column":90},"end":{"line":31,"column":91}},"loc":{"start":{"line":31,"column":99},"end":{"line":43,"column":5}}}},"branchMap":{"0":{"loc":{"start":{"line":32,"column":6},"end":{"line":42,"column":null}},"type":"if","locations":[{"start":{"line":32,"column":6},"end":{"line":42,"column":null}},{"start":{"line":32,"column":6},"end":{"line":42,"column":null}}]}},"s":{"0":1,"1":1,"2":1,"3":1,"4":1,"5":7,"6":7,"7":7,"8":7,"9":7,"10":2,"11":2,"12":1,"13":1,"14":1,"15":1,"16":1,"17":1,"18":1,"19":1,"20":1,"21":1},"f":{"0":7,"1":7,"2":7,"3":2,"4":2},"b":{"0":[1,1]}}
,"/home/pooja/Desktop/crud-operations/src/app/setup/user-registration/user-registration.component.html": {"path":"/home/pooja/Desktop/crud-operations/src/app/setup/user-registration/user-registration.component.html","statementMap":{"0":{"start":{"line":1,"column":0},"end":{"line":1,"column":3198}}},"fnMap":{},"branchMap":{},"s":{"0":1},"f":{},"b":{},"inputSourceMap":null,"_coverageSchema":"1a1c01bbd47fc00a2c39e90264f33305004495a9","hash":"7c517e85839010c6e1b6bf3250c35a1b8273d502"}
,"/home/pooja/Desktop/crud-operations/src/app/setup/user-registration/user-registration.component.ts": {"path":"/home/pooja/Desktop/crud-operations/src/app/setup/user-registration/user-registration.component.ts","statementMap":{"0":{"start":{"line":1,"column":0},"end":{"line":1,"column":50}},"1":{"start":{"line":2,"column":0},"end":{"line":2,"column":81}},"2":{"start":{"line":3,"column":0},"end":{"line":3,"column":84}},"3":{"start":{"line":4,"column":0},"end":{"line":4,"column":41}},"4":{"start":{"line":11,"column":0},"end":{"line":45,"column":null}},"5":{"start":{"line":15,"column":12},"end":{"line":15,"column":16}},"6":{"start":{"line":16,"column":12},"end":{"line":16,"column":43}},"7":{"start":{"line":17,"column":12},"end":{"line":17,"column":20}},"8":{"start":{"line":21,"column":4},"end":{"line":21,"column":22}},"9":{"start":{"line":25,"column":4},"end":{"line":29,"column":7}},"10":{"start":{"line":32,"column":4},"end":{"line":43,"column":null}},"11":{"start":{"line":33,"column":19},"end":{"line":36,"column":8}},"12":{"start":{"line":37,"column":6},"end":{"line":40,"column":9}},"13":{"start":{"line":38,"column":8},"end":{"line":38,"column":47}},"14":{"start":{"line":39,"column":8},"end":{"line":39,"column":46}},"15":{"start":{"line":42,"column":6},"end":{"line":42,"column":58}},"16":{"start":{"line":11,"column":13},"end":{"line":45,"column":null}},"17":{"start":{"line":11,"column":13},"end":{"line":11,"column":38}}},"fnMap":{"0":{"name":"(anonymous_0)","decl":{"start":{"line":14,"column":2},"end":{"line":14,"column":null}},"loc":{"start":{"line":17,"column":26},"end":{"line":18,"column":5}}},"1":{"name":"(anonymous_1)","decl":{"start":{"line":20,"column":2},"end":{"line":20,"column":10}},"loc":{"start":{"line":20,"column":10},"end":{"line":23,"column":3}}},"2":{"name":"(anonymous_2)","decl":{"start":{"line":24,"column":2},"end":{"line":24,"column":12}},"loc":{"start":{"line":24,"column":12},"end":{"line":30,"column":3}}},"3":{"name":"(anonymous_3)","decl":{"start":{"line":31,"column":2},"end":{"line":31,"column":10}},"loc":{"start":{"line":31,"column":10},"end":{"line":44,"column":3}}},"4":{"name":"(anonymous_4)","decl":{"start":{"line":37,"column":70},"end":{"line":37,"column":71}},"loc":{"start":{"line":37,"column":79},"end":{"line":40,"column":7}}}},"branchMap":{"0":{"loc":{"start":{"line":32,"column":4},"end":{"line":43,"column":null}},"type":"if","locations":[{"start":{"line":32,"column":4},"end":{"line":43,"column":null}},{"start":{"line":32,"column":4},"end":{"line":43,"column":null}}]}},"s":{"0":1,"1":1,"2":1,"3":1,"4":1,"5":6,"6":6,"7":6,"8":6,"9":6,"10":2,"11":1,"12":1,"13":1,"14":1,"15":1,"16":1,"17":1},"f":{"0":6,"1":6,"2":6,"3":2,"4":1},"b":{"0":[1,1]}}
,"/home/pooja/Desktop/crud-operations/src/app/shared/services/auth-guard.service.ts": {"path":"/home/pooja/Desktop/crud-operations/src/app/shared/services/auth-guard.service.ts","statementMap":{"0":{"start":{"line":1,"column":0},"end":{"line":1,"column":43}},"1":{"start":{"line":2,"column":0},"end":{"line":2,"column":54}},"2":{"start":{"line":6,"column":0},"end":{"line":17,"column":null}},"3":{"start":{"line":8,"column":21},"end":{"line":8,"column":29}},"4":{"start":{"line":11,"column":4},"end":{"line":14,"column":null}},"5":{"start":{"line":12,"column":6},"end":{"line":12,"column":38}},"6":{"start":{"line":13,"column":6},"end":{"line":13,"column":19}},"7":{"start":{"line":15,"column":4},"end":{"line":15,"column":16}},"8":{"start":{"line":6,"column":13},"end":{"line":17,"column":null}},"9":{"start":{"line":6,"column":13},"end":{"line":6,"column":29}}},"fnMap":{"0":{"name":"(anonymous_0)","decl":{"start":{"line":8,"column":2},"end":{"line":8,"column":21}},"loc":{"start":{"line":8,"column":35},"end":{"line":8,"column":39}}},"1":{"name":"(anonymous_1)","decl":{"start":{"line":10,"column":2},"end":{"line":10,"column":13}},"loc":{"start":{"line":10,"column":13},"end":{"line":16,"column":3}}}},"branchMap":{"0":{"loc":{"start":{"line":11,"column":4},"end":{"line":14,"column":null}},"type":"if","locations":[{"start":{"line":11,"column":4},"end":{"line":14,"column":null}},{"start":{"line":11,"column":4},"end":{"line":14,"column":null}}]}},"s":{"0":1,"1":1,"2":1,"3":3,"4":3,"5":2,"6":2,"7":1,"8":1,"9":1},"f":{"0":3,"1":3},"b":{"0":[2,1]}}
,"/home/pooja/Desktop/crud-operations/src/app/shared/services/error-handling.service.ts": {"path":"/home/pooja/Desktop/crud-operations/src/app/shared/services/error-handling.service.ts","statementMap":{"0":{"start":{"line":1,"column":0},"end":{"line":1,"column":43}},"1":{"start":{"line":2,"column":0},"end":{"line":2,"column":46}},"2":{"start":{"line":6,"column":0},"end":{"line":23,"column":null}},"3":{"start":{"line":8,"column":2},"end":{"line":8,"column":20}},"4":{"start":{"line":11,"column":4},"end":{"line":19,"column":null}},"5":{"start":{"line":13,"column":8},"end":{"line":13,"column":41}},"6":{"start":{"line":14,"column":8},"end":{"line":14,"column":60}},"7":{"start":{"line":17,"column":8},"end":{"line":17,"column":35}},"8":{"start":{"line":18,"column":8},"end":{"line":18,"column":85}},"9":{"start":{"line":20,"column":4},"end":{"line":20,"column":23}},"10":{"start":{"line":21,"column":4},"end":{"line":21,"column":41}},"11":{"start":{"line":6,"column":13},"end":{"line":23,"column":null}},"12":{"start":{"line":6,"column":13},"end":{"line":6,"column":33}}},"fnMap":{"0":{"name":"(anonymous_0)","decl":{"start":{"line":9,"column":2},"end":{"line":9,"column":18}},"loc":{"start":{"line":9,"column":2},"end":{"line":9,"column":19}}},"1":{"name":"(anonymous_1)","decl":{"start":{"line":10,"column":2},"end":{"line":10,"column":13}},"loc":{"start":{"line":10,"column":19},"end":{"line":22,"column":3}}}},"branchMap":{"0":{"loc":{"start":{"line":11,"column":4},"end":{"line":19,"column":null}},"type":"if","locations":[{"start":{"line":11,"column":4},"end":{"line":19,"column":null}},{"start":{"line":11,"column":4},"end":{"line":19,"column":null}}]}},"s":{"0":12,"1":12,"2":12,"3":46,"4":1,"5":0,"6":0,"7":1,"8":1,"9":1,"10":1,"11":12,"12":12},"f":{"0":46,"1":1},"b":{"0":[0,1]}}
,"/home/pooja/Desktop/crud-operations/src/app/shared/services/theme.service.ts": {"path":"/home/pooja/Desktop/crud-operations/src/app/shared/services/theme.service.ts","statementMap":{"0":{"start":{"line":1,"column":0},"end":{"line":1,"column":43}},"1":{"start":{"line":3,"column":13},"end":{"line":7,"column":2}},"2":{"start":{"line":8,"column":13},"end":{"line":12,"column":2}},"3":{"start":{"line":15,"column":0},"end":{"line":27,"column":null}},"4":{"start":{"line":17,"column":4},"end":{"line":17,"column":29}},"5":{"start":{"line":20,"column":4},"end":{"line":20,"column":30}},"6":{"start":{"line":23,"column":4},"end":{"line":25,"column":6}},"7":{"start":{"line":24,"column":6},"end":{"line":24,"column":68}},"8":{"start":{"line":15,"column":13},"end":{"line":27,"column":null}},"9":{"start":{"line":15,"column":13},"end":{"line":15,"column":25}}},"fnMap":{"0":{"name":"(anonymous_0)","decl":{"start":{"line":16,"column":2},"end":{"line":16,"column":12}},"loc":{"start":{"line":16,"column":12},"end":{"line":18,"column":3}}},"1":{"name":"(anonymous_1)","decl":{"start":{"line":19,"column":2},"end":{"line":19,"column":13}},"loc":{"start":{"line":19,"column":13},"end":{"line":21,"column":3}}},"2":{"name":"(anonymous_2)","decl":{"start":{"line":22,"column":10},"end":{"line":22,"column":18}},"loc":{"start":{"line":22,"column":28},"end":{"line":26,"column":3}}},"3":{"name":"(anonymous_3)","decl":{"start":{"line":23,"column":31},"end":{"line":23,"column":32}},"loc":{"start":{"line":24,"column":6},"end":{"line":24,"column":68}}}},"branchMap":{},"s":{"0":2,"1":2,"2":2,"3":2,"4":1,"5":5,"6":6,"7":18,"8":2,"9":2},"f":{"0":1,"1":5,"2":6,"3":18},"b":{}}
,"/home/pooja/Desktop/crud-operations/src/environments/environment.ts": {"path":"/home/pooja/Desktop/crud-operations/src/environments/environment.ts","statementMap":{"0":{"start":{"line":5,"column":13},"end":{"line":8,"column":2}}},"fnMap":{},"branchMap":{},"s":{"0":11},"f":{},"b":{}}
}
