TN:
SF:src/app/app.component.html
FNF:0
FNH:0
DA:1,1
LF:1
LH:1
BRF:0
BRH:0
end_of_record
TN:
SF:src/app/app.component.ts
FN:8,(anonymous_0)
FNF:1
FNH:1
FNDA:1,(anonymous_0)
DA:1,1
DA:8,1
DA:9,1
DA:10,1
LF:4
LH:4
BRF:0
BRH:0
end_of_record
TN:
SF:src/app/common.service.ts
FN:15,(anonymous_0)
FN:20,(anonymous_1)
FN:28,(anonymous_2)
FN:36,(anonymous_3)
FN:44,(anonymous_4)
FN:52,(anonymous_5)
FNF:6
FNH:6
FNDA:22,(anonymous_0)
FNDA:1,(anonymous_1)
FNDA:16,(anonymous_2)
FNDA:3,(anonymous_3)
FNDA:1,(anonymous_4)
FNDA:1,(anonymous_5)
DA:1,7
DA:2,7
DA:5,7
DA:6,7
DA:7,7
DA:12,7
DA:14,22
DA:16,22
DA:17,22
DA:21,1
DA:22,1
DA:29,16
DA:30,16
DA:37,3
DA:38,3
DA:45,1
DA:46,1
DA:53,1
DA:54,1
LF:19
LH:19
BRF:0
BRH:0
end_of_record
TN:
SF:src/app/crud-oprations/products-crud-opration/products-crud-opration.component.html
FNF:0
FNH:0
DA:1,1
LF:1
LH:1
BRF:0
BRH:0
end_of_record
TN:
SF:src/app/crud-oprations/products-crud-opration/products-crud-opration.component.ts
FN:24,(anonymous_0)
FN:29,(anonymous_1)
FN:33,(anonymous_2)
FN:44,(anonymous_3)
FN:54,(anonymous_4)
FN:55,(anonymous_5)
FN:60,(anonymous_6)
FN:62,(anonymous_7)
FN:66,(anonymous_8)
FN:67,(anonymous_9)
FN:73,(anonymous_10)
FN:75,(anonymous_11)
FN:80,(anonymous_12)
FN:81,(anonymous_13)
FNF:14
FNH:14
FNDA:9,(anonymous_0)
FNDA:9,(anonymous_1)
FNDA:9,(anonymous_2)
FNDA:1,(anonymous_3)
FNDA:1,(anonymous_4)
FNDA:1,(anonymous_5)
FNDA:13,(anonymous_6)
FNDA:1,(anonymous_7)
FNDA:1,(anonymous_8)
FNDA:1,(anonymous_9)
FNDA:1,(anonymous_10)
FNDA:1,(anonymous_11)
FNDA:1,(anonymous_12)
FNDA:1,(anonymous_13)
DA:1,1
DA:2,1
DA:3,1
DA:11,1
DA:19,9
DA:20,9
DA:25,9
DA:26,9
DA:30,9
DA:31,9
DA:34,9
DA:35,9
DA:45,1
DA:55,1
DA:56,1
DA:57,1
DA:61,13
DA:62,1
DA:67,1
DA:68,1
DA:69,1
DA:70,1
DA:74,1
DA:75,1
DA:76,1
DA:77,1
DA:81,1
DA:82,1
DA:83,1
DA:84,1
DA:85,1
LF:31
LH:31
BRDA:46,0,0,1
BRDA:46,0,1,1
BRDA:47,1,0,1
BRDA:47,1,1,1
BRDA:48,2,0,1
BRDA:48,2,1,1
BRDA:49,3,0,1
BRDA:49,3,1,1
BRDA:50,4,0,1
BRDA:50,4,1,1
BRF:10
BRH:10
end_of_record
TN:
SF:src/app/dashboard/dashboard.component.html
FNF:0
FNH:0
DA:1,1
LF:1
LH:1
BRF:0
BRH:0
end_of_record
TN:
SF:src/app/dashboard/dashboard.component.ts
FN:12,(anonymous_0)
FN:17,(anonymous_1)
FN:20,(anonymous_2)
FN:21,(anonymous_3)
FN:25,(anonymous_4)
FNF:5
FNH:5
FNDA:3,(anonymous_0)
FNDA:3,(anonymous_1)
FNDA:4,(anonymous_2)
FNDA:1,(anonymous_3)
FNDA:1,(anonymous_4)
DA:1,1
DA:2,1
DA:3,1
DA:9,1
DA:13,3
DA:14,3
DA:18,3
DA:21,4
DA:22,1
DA:26,1
LF:10
LH:10
BRF:0
BRH:0
end_of_record
TN:
SF:src/app/dashboard/dashboard-card/dashboard-card.component.html
FNF:0
FNH:0
DA:1,3
LF:1
LH:1
BRF:0
BRH:0
end_of_record
TN:
SF:src/app/dashboard/dashboard-card/dashboard-card.component.ts
FN:16,(anonymous_0)
FN:13,(anonymous_1)
FN:18,(anonymous_2)
FNF:3
FNH:3
FNDA:5,(anonymous_0)
FNDA:1,(anonymous_1)
FNDA:5,(anonymous_2)
DA:1,3
DA:8,3
DA:10,3
DA:11,5
DA:14,1
LF:5
LH:5
BRF:0
BRH:0
end_of_record
TN:
SF:src/app/dashboard/indiviual-product/indiviual-product.component.html
FNF:0
FNH:0
DA:1,1
LF:1
LH:1
BRF:0
BRH:0
end_of_record
TN:
SF:src/app/dashboard/indiviual-product/indiviual-product.component.ts
FN:15,(anonymous_0)
FN:23,(anonymous_1)
FN:26,(anonymous_2)
FN:27,(anonymous_3)
FNF:4
FNH:4
FNDA:2,(anonymous_0)
FNDA:2,(anonymous_1)
FNDA:3,(anonymous_2)
FNDA:1,(anonymous_3)
DA:1,1
DA:2,1
DA:3,1
DA:11,1
DA:16,2
DA:17,2
DA:19,2
DA:20,2
DA:24,2
DA:27,3
DA:28,1
LF:11
LH:11
BRF:0
BRH:0
end_of_record
TN:
SF:src/app/dashboard/indiviual-product-card/indiviual-product-card.component.html
FNF:0
FNH:0
DA:1,2
LF:1
LH:1
BRF:0
BRH:0
end_of_record
TN:
SF:src/app/dashboard/indiviual-product-card/indiviual-product-card.component.ts
FN:11,(anonymous_0)
FN:13,(anonymous_1)
FNF:2
FNH:2
FNDA:3,(anonymous_0)
FNDA:3,(anonymous_1)
DA:1,2
DA:8,2
DA:10,2
LF:3
LH:3
BRF:0
BRH:0
end_of_record
TN:
SF:src/app/layout/button/button.component.html
FNF:0
FNH:0
DA:1,2
LF:1
LH:1
BRF:0
BRH:0
end_of_record
TN:
SF:src/app/layout/button/button.component.ts
FN:13,(anonymous_0)
FN:15,(anonymous_1)
FN:18,(anonymous_2)
FNF:3
FNH:3
FNDA:15,(anonymous_0)
FNDA:15,(anonymous_1)
FNDA:1,(anonymous_2)
DA:1,2
DA:7,2
DA:8,2
DA:9,2
DA:10,2
DA:11,15
DA:19,1
LF:7
LH:7
BRF:0
BRH:0
end_of_record
TN:
SF:src/app/layout/header/header.component.html
FNF:0
FNH:0
DA:1,2
LF:1
LH:1
BRF:0
BRH:0
end_of_record
TN:
SF:src/app/layout/header/header.component.ts
FN:11,(anonymous_0)
FN:13,(anonymous_1)
FNF:2
FNH:2
FNDA:2,(anonymous_0)
FNDA:2,(anonymous_1)
DA:1,2
DA:10,2
LF:2
LH:2
BRF:0
BRH:0
end_of_record
TN:
SF:src/app/layout/layout/layout.component.html
FNF:0
FNH:0
DA:1,1
LF:1
LH:1
BRF:0
BRH:0
end_of_record
TN:
SF:src/app/layout/layout/layout.component.ts
FN:17,(anonymous_0)
FN:23,(anonymous_1)
FN:28,(anonymous_2)
FN:35,(anonymous_3)
FN:43,(anonymous_4)
FN:51,(anonymous_5)
FNF:6
FNH:6
FNDA:5,(anonymous_0)
FNDA:5,(anonymous_1)
FNDA:7,(anonymous_2)
FNDA:2,(anonymous_3)
FNDA:6,(anonymous_4)
FNDA:1,(anonymous_5)
DA:1,1
DA:2,1
DA:3,1
DA:4,1
DA:5,1
DA:11,1
DA:13,5
DA:18,5
DA:19,5
DA:20,5
DA:24,5
DA:25,5
DA:26,5
DA:29,7
DA:30,7
DA:31,0
DA:32,7
DA:33,7
DA:35,7
DA:36,2
DA:37,1
DA:39,1
DA:44,6
DA:45,1
DA:47,5
DA:49,6
DA:52,1
DA:53,1
DA:54,1
LF:29
LH:28
BRDA:30,0,0,0
BRDA:30,0,1,7
BRDA:32,1,0,7
BRDA:32,1,1,0
BRDA:36,2,0,1
BRDA:36,2,1,1
BRDA:44,3,0,1
BRDA:44,3,1,5
BRF:8
BRH:6
end_of_record
TN:
SF:src/app/product/add-product/add-product.component.html
FNF:0
FNH:0
DA:1,1
LF:1
LH:1
BRF:0
BRH:0
end_of_record
TN:
SF:src/app/product/add-product/add-product.component.ts
FN:25,(anonymous_0)
FN:33,(anonymous_1)
FN:41,(anonymous_2)
FN:51,(anonymous_3)
FN:62,(anonymous_4)
FN:67,(anonymous_5)
FN:71,(anonymous_6)
FN:76,(anonymous_7)
FNF:8
FNH:7
FNDA:7,(anonymous_0)
FNDA:7,(anonymous_1)
FNDA:7,(anonymous_2)
FNDA:1,(anonymous_3)
FNDA:1,(anonymous_4)
FNDA:1,(anonymous_5)
FNDA:0,(anonymous_6)
FNDA:1,(anonymous_7)
DA:1,1
DA:2,1
DA:4,1
DA:5,1
DA:6,1
DA:8,1
DA:10,1
DA:17,1
DA:26,7
DA:27,7
DA:28,7
DA:29,7
DA:39,7
DA:42,7
DA:52,1
DA:63,1
DA:64,1
DA:65,1
DA:68,1
DA:69,1
DA:70,1
DA:71,1
DA:72,0
DA:73,0
DA:77,1
DA:78,1
DA:82,1
DA:83,1
DA:84,1
DA:85,1
LF:30
LH:28
BRDA:53,0,0,1
BRDA:53,0,1,1
BRDA:54,1,0,1
BRDA:54,1,1,1
BRDA:55,2,0,1
BRDA:55,2,1,1
BRDA:56,3,0,1
BRDA:56,3,1,1
BRDA:57,4,0,1
BRDA:57,4,1,1
BRF:10
BRH:10
end_of_record
TN:
SF:src/app/product/product-list/product-list.component.html
FNF:0
FNH:0
DA:1,1
LF:1
LH:1
BRF:0
BRH:0
end_of_record
TN:
SF:src/app/product/product-list/product-list.component.ts
FN:17,(anonymous_0)
FN:22,(anonymous_1)
FN:26,(anonymous_2)
FN:29,(anonymous_3)
FN:32,(anonymous_4)
FNF:5
FNH:4
FNDA:2,(anonymous_0)
FNDA:2,(anonymous_1)
FNDA:2,(anonymous_2)
FNDA:1,(anonymous_3)
FNDA:0,(anonymous_4)
DA:1,1
DA:2,1
DA:3,1
DA:6,1
DA:7,1
DA:13,1
DA:15,2
DA:18,2
DA:19,2
DA:23,2
DA:24,2
DA:27,2
DA:30,1
DA:33,0
DA:34,0
LF:15
LH:13
BRF:0
BRH:0
end_of_record
TN:
SF:src/app/product/store/product.actions.ts
FNF:0
FNH:0
DA:1,4
DA:7,4
DA:11,4
DA:15,4
DA:20,4
DA:23,4
DA:31,4
DA:36,4
DA:40,4
DA:44,4
DA:49,4
DA:54,4
LF:12
LH:12
BRF:0
BRH:0
end_of_record
TN:
SF:src/app/product/store/product.effects.ts
FN:73,(anonymous_0)
FN:11,(anonymous_1)
FN:14,(anonymous_2)
FN:16,(anonymous_3)
FN:17,(anonymous_4)
FN:23,(anonymous_5)
FN:26,(anonymous_6)
FN:28,(anonymous_7)
FN:29,(anonymous_8)
FN:35,(anonymous_9)
FN:38,(anonymous_10)
FN:40,(anonymous_11)
FN:41,(anonymous_12)
FN:47,(anonymous_13)
FN:50,(anonymous_14)
FN:61,(anonymous_15)
FN:64,(anonymous_16)
FNF:17
FNH:6
FNDA:2,(anonymous_0)
FNDA:2,(anonymous_1)
FNDA:0,(anonymous_2)
FNDA:0,(anonymous_3)
FNDA:0,(anonymous_4)
FNDA:2,(anonymous_5)
FNDA:0,(anonymous_6)
FNDA:0,(anonymous_7)
FNDA:0,(anonymous_8)
FNDA:2,(anonymous_9)
FNDA:0,(anonymous_10)
FNDA:0,(anonymous_11)
FNDA:0,(anonymous_12)
FNDA:2,(anonymous_13)
FNDA:0,(anonymous_14)
FNDA:2,(anonymous_15)
FNDA:0,(anonymous_16)
DA:1,2
DA:2,2
DA:3,2
DA:4,2
DA:5,2
DA:6,2
DA:9,2
DA:11,2
DA:12,2
DA:15,0
DA:16,0
DA:17,0
DA:23,2
DA:24,2
DA:27,0
DA:28,0
DA:29,0
DA:35,2
DA:36,2
DA:39,0
DA:40,0
DA:41,0
DA:47,2
DA:48,2
DA:51,0
DA:61,2
DA:62,2
DA:65,0
DA:74,2
DA:75,2
LF:30
LH:19
BRF:0
BRH:0
end_of_record
TN:
SF:src/app/product/store/product.model.ts
FNF:0
FNH:0
DA:1,1
LF:1
LH:1
BRF:0
BRH:0
end_of_record
TN:
SF:src/app/product/store/product.reducer.ts
FN:27,(anonymous_0)
FN:30,(anonymous_1)
FN:38,(anonymous_2)
FN:41,(anonymous_3)
FN:50,(anonymous_4)
FN:58,(anonymous_5)
FN:67,(anonymous_6)
FN:71,(anonymous_7)
FN:74,reducer
FNF:9
FNH:1
FNDA:0,(anonymous_0)
FNDA:0,(anonymous_1)
FNDA:0,(anonymous_2)
FNDA:0,(anonymous_3)
FNDA:0,(anonymous_4)
FNDA:0,(anonymous_5)
FNDA:0,(anonymous_6)
FNDA:0,(anonymous_7)
FNDA:1,reducer
DA:1,3
DA:2,3
DA:4,3
DA:6,3
DA:14,3
DA:16,3
DA:23,3
DA:28,0
DA:31,0
DA:38,0
DA:42,0
DA:51,0
DA:59,0
DA:67,0
DA:71,0
DA:74,3
DA:75,1
DA:77,3
LF:18
LH:10
BRF:0
BRH:0
end_of_record
TN:
SF:src/app/product/store/product.selecters.ts
FN:9,(anonymous_0)
FNF:1
FNH:1
FNDA:1,(anonymous_0)
DA:1,2
DA:2,2
DA:3,2
DA:7,2
DA:9,2
LF:5
LH:5
BRF:0
BRH:0
end_of_record
TN:
SF:src/app/setup/login-registration-setup.service.ts
FN:16,(anonymous_0)
FN:22,(anonymous_1)
FN:30,(anonymous_2)
FN:38,(anonymous_3)
FN:41,(anonymous_4)
FN:45,(anonymous_5)
FNF:6
FNH:6
FNDA:22,(anonymous_0)
FNDA:1,(anonymous_1)
FNDA:1,(anonymous_2)
FNDA:1,(anonymous_3)
FNDA:2,(anonymous_4)
FNDA:6,(anonymous_5)
DA:1,5
DA:2,5
DA:3,5
DA:4,5
DA:6,5
DA:7,5
DA:8,5
DA:12,5
DA:14,22
DA:15,22
DA:17,22
DA:18,22
DA:19,22
DA:23,1
DA:24,1
DA:31,1
DA:32,1
DA:39,1
DA:42,2
DA:46,6
LF:20
LH:20
BRF:0
BRH:0
end_of_record
TN:
SF:src/app/setup/login/login.component.html
FNF:0
FNH:0
DA:1,1
LF:1
LH:1
BRF:0
BRH:0
end_of_record
TN:
SF:src/app/setup/login/login.component.ts
FN:15,(anonymous_0)
FN:21,(anonymous_1)
FN:24,(anonymous_2)
FN:30,(anonymous_3)
FN:31,(anonymous_4)
FNF:5
FNH:5
FNDA:7,(anonymous_0)
FNDA:7,(anonymous_1)
FNDA:7,(anonymous_2)
FNDA:2,(anonymous_3)
FNDA:2,(anonymous_4)
DA:1,1
DA:2,1
DA:3,1
DA:4,1
DA:11,1
DA:16,7
DA:17,7
DA:18,7
DA:22,7
DA:25,7
DA:31,2
DA:32,2
DA:33,1
DA:34,1
DA:36,1
DA:37,1
DA:38,1
DA:39,1
DA:40,1
DA:41,1
LF:20
LH:20
BRDA:32,0,0,1
BRDA:32,0,1,1
BRF:2
BRH:2
end_of_record
TN:
SF:src/app/setup/user-registration/user-registration.component.html
FNF:0
FNH:0
DA:1,1
LF:1
LH:1
BRF:0
BRH:0
end_of_record
TN:
SF:src/app/setup/user-registration/user-registration.component.ts
FN:14,(anonymous_0)
FN:20,(anonymous_1)
FN:24,(anonymous_2)
FN:31,(anonymous_3)
FN:37,(anonymous_4)
FNF:5
FNH:5
FNDA:6,(anonymous_0)
FNDA:6,(anonymous_1)
FNDA:6,(anonymous_2)
FNDA:2,(anonymous_3)
FNDA:1,(anonymous_4)
DA:1,1
DA:2,1
DA:3,1
DA:4,1
DA:11,1
DA:15,6
DA:16,6
DA:17,6
DA:21,6
DA:25,6
DA:32,2
DA:33,1
DA:37,1
DA:38,1
DA:39,1
DA:42,1
LF:16
LH:16
BRDA:32,0,0,1
BRDA:32,0,1,1
BRF:2
BRH:2
end_of_record
TN:
SF:src/app/shared/services/auth-guard.service.ts
FN:8,(anonymous_0)
FN:10,(anonymous_1)
FNF:2
FNH:2
FNDA:3,(anonymous_0)
FNDA:3,(anonymous_1)
DA:1,1
DA:2,1
DA:6,1
DA:8,3
DA:11,3
DA:12,2
DA:13,2
DA:15,1
LF:8
LH:8
BRDA:11,0,0,2
BRDA:11,0,1,1
BRF:2
BRH:2
end_of_record
TN:
SF:src/app/shared/services/error-handling.service.ts
FN:9,(anonymous_0)
FN:10,(anonymous_1)
FNF:2
FNH:2
FNDA:46,(anonymous_0)
FNDA:1,(anonymous_1)
DA:1,12
DA:2,12
DA:6,12
DA:8,46
DA:11,1
DA:13,0
DA:14,0
DA:17,1
DA:18,1
DA:20,1
DA:21,1
LF:11
LH:9
BRDA:11,0,0,0
BRDA:11,0,1,1
BRF:2
BRH:1
end_of_record
TN:
SF:src/app/shared/services/theme.service.ts
FN:16,(anonymous_0)
FN:19,(anonymous_1)
FN:22,(anonymous_2)
FN:23,(anonymous_3)
FNF:4
FNH:4
FNDA:1,(anonymous_0)
FNDA:5,(anonymous_1)
FNDA:6,(anonymous_2)
FNDA:18,(anonymous_3)
DA:1,2
DA:3,2
DA:8,2
DA:15,2
DA:17,1
DA:20,5
DA:23,6
DA:24,18
LF:8
LH:8
BRF:0
BRH:0
end_of_record
TN:
SF:src/environments/environment.ts
FNF:0
FNH:0
DA:5,11
LF:1
LH:1
BRF:0
BRH:0
end_of_record
